[2017-08-15 01:07:19.390] [INFO] startup - logs config finished!
[2017-08-15 01:07:19.398] [INFO] app - --------step into koa-------------
[2017-08-15 01:07:21.036] [ERROR] app - TypeError: Cannot read property 'split' of undefined
    at _callee2$ (F:/workspace/node/dailyServer/app/controllers/user.js:20:17)
    at tryCatch (F:\workspace\node\dailyServer\node_modules\regenerator-runtime\runtime.js:65:40)
    at Generator.invoke [as _invoke] (F:\workspace\node\dailyServer\node_modules\regenerator-runtime\runtime.js:303:22)
    at Generator.prototype.(anonymous function) [as next] (F:\workspace\node\dailyServer\node_modules\regenerator-runtime\runtime.js:117:21)
    at step (F:\workspace\node\dailyServer\app\controllers\user.js:29:191)
    at F:\workspace\node\dailyServer\app\controllers\user.js:29:437
    at Promise (<anonymous>)
    at F:\workspace\node\dailyServer\app\controllers\user.js:29:99
    at find (F:\workspace\node\dailyServer\app\controllers\user.js:95:18)
    at dispatch (F:\workspace\node\dailyServer\node_modules\koa-compose\index.js:44:32)
    at next (F:\workspace\node\dailyServer\node_modules\koa-compose\index.js:45:18)
    at F:\workspace\node\dailyServer\node_modules\koa-router\lib\router.js:326:16
    at dispatch (F:\workspace\node\dailyServer\node_modules\koa-compose\index.js:44:32)
    at F:\workspace\node\dailyServer\node_modules\koa-compose\index.js:36:12
    at dispatch (F:\workspace\node\dailyServer\node_modules\koa-router\lib\router.js:331:31)
    at dispatch (F:\workspace\node\dailyServer\node_modules\koa\node_modules\koa-compose\index.js:42:32)
    at next (F:\workspace\node\dailyServer\node_modules\koa\node_modules\koa-compose\index.js:43:18)
    at _callee$ (F:/workspace/node/dailyServer/app/middlewares/responseFilter.js:18:15)
    at tryCatch (F:\workspace\node\dailyServer\node_modules\regenerator-runtime\runtime.js:65:40)
    at Generator.invoke [as _invoke] (F:\workspace\node\dailyServer\node_modules\regenerator-runtime\runtime.js:303:22)
    at Generator.prototype.(anonymous function) [as next] (F:\workspace\node\dailyServer\node_modules\regenerator-runtime\runtime.js:117:21)
    at step (F:\workspace\node\dailyServer\app\middlewares\responseFilter.js:13:191)
[2017-08-15 01:07:21.046] [INFO] app - { method: 'GET',
  url: '/api/user/',
  header: 
   { host: 'localhost:3333',
     connection: 'keep-alive',
     'cache-control': 'max-age=0',
     'upgrade-insecure-requests': '1',
     'user-agent': 'Mozilla/5.0 (Windows NT 6.1; Win64; x64) AppleWebKit/537.36 (KHTML, like Gecko) Chrome/59.0.3071.115 Safari/537.36',
     accept: 'text/html,application/xhtml+xml,application/xml;q=0.9,image/webp,image/apng,*/*;q=0.8',
     'accept-encoding': 'gzip, deflate, br',
     'accept-language': 'zh-CN,zh;q=0.8,en;q=0.6',
     cookie: 'Hm_lvt_de4a5a139b4c6b05de2a2b49fa6f6dab=1485283765; Hm_lvt_940ac302dc9436169f5e98f17aca1589=1498060156' } }
[2017-08-15 01:07:21.088] [INFO] http - ::1 - - "GET /api/user/ HTTP/1.1" 200 10 "" "Mozilla/5.0 (Windows NT 6.1; Win64; x64) AppleWebKit/537.36 (KHTML, like Gecko) Chrome/59.0.3071.115 Safari/537.36"
[2017-08-15 01:08:46.629] [INFO] startup - logs config finished!
[2017-08-15 01:08:46.636] [INFO] app - --------step into koa-------------
[2017-08-15 01:09:05.524] [INFO] startup - logs config finished!
[2017-08-15 01:09:05.531] [INFO] app - --------step into koa-------------
[2017-08-15 01:09:27.901] [INFO] startup - logs config finished!
[2017-08-15 01:09:27.920] [INFO] app - --------step into koa-------------
[2017-08-15 01:09:33.100] [ERROR] app - TypeError: Cannot read property 'split' of undefined
    at _callee2$ (F:/workspace/node/dailyServer/app/controllers/user.js:20:17)
    at tryCatch (F:\workspace\node\dailyServer\node_modules\regenerator-runtime\runtime.js:65:40)
    at Generator.invoke [as _invoke] (F:\workspace\node\dailyServer\node_modules\regenerator-runtime\runtime.js:303:22)
    at Generator.prototype.(anonymous function) [as next] (F:\workspace\node\dailyServer\node_modules\regenerator-runtime\runtime.js:117:21)
    at step (F:\workspace\node\dailyServer\app\controllers\user.js:29:191)
    at F:\workspace\node\dailyServer\app\controllers\user.js:29:437
    at Promise (<anonymous>)
    at F:\workspace\node\dailyServer\app\controllers\user.js:29:99
    at find (F:\workspace\node\dailyServer\app\controllers\user.js:95:18)
    at dispatch (F:\workspace\node\dailyServer\node_modules\koa-compose\index.js:44:32)
    at next (F:\workspace\node\dailyServer\node_modules\koa-compose\index.js:45:18)
    at F:\workspace\node\dailyServer\node_modules\koa-router\lib\router.js:326:16
    at dispatch (F:\workspace\node\dailyServer\node_modules\koa-compose\index.js:44:32)
    at F:\workspace\node\dailyServer\node_modules\koa-compose\index.js:36:12
    at dispatch (F:\workspace\node\dailyServer\node_modules\koa-router\lib\router.js:331:31)
    at dispatch (F:\workspace\node\dailyServer\node_modules\koa\node_modules\koa-compose\index.js:42:32)
    at next (F:\workspace\node\dailyServer\node_modules\koa\node_modules\koa-compose\index.js:43:18)
    at _callee$ (F:/workspace/node/dailyServer/app/middlewares/responseFilter.js:18:15)
    at tryCatch (F:\workspace\node\dailyServer\node_modules\regenerator-runtime\runtime.js:65:40)
    at Generator.invoke [as _invoke] (F:\workspace\node\dailyServer\node_modules\regenerator-runtime\runtime.js:303:22)
    at Generator.prototype.(anonymous function) [as next] (F:\workspace\node\dailyServer\node_modules\regenerator-runtime\runtime.js:117:21)
    at step (F:\workspace\node\dailyServer\app\middlewares\responseFilter.js:13:191)
[2017-08-15 01:09:33.118] [INFO] app - [object Object]hahahhhhh22222222222222222222222
[2017-08-15 01:09:33.145] [INFO] http - ::ffff:127.0.0.1 - - "GET /api/user/ HTTP/1.1" 200 10 "" "Mozilla/5.0 (Windows NT 6.1; Win64; x64) AppleWebKit/537.36 (KHTML, like Gecko) Chrome/59.0.3071.115 Safari/537.36"
[2017-08-15 01:14:18.782] [INFO] startup - logs config finished!
[2017-08-15 01:14:18.791] [INFO] app - --------step into koa-------------
[2017-08-15 01:19:24.493] [INFO] startup - logs config finished!
[2017-08-15 01:19:24.501] [INFO] app - --------step into koa-------------
[2017-08-15 01:19:28.050] [ERROR] app - TypeError: Cannot read property 'split' of undefined
    at _callee2$ (F:/workspace/node/dailyServer/app/controllers/user.js:20:17)
    at tryCatch (F:\workspace\node\dailyServer\node_modules\regenerator-runtime\runtime.js:65:40)
    at Generator.invoke [as _invoke] (F:\workspace\node\dailyServer\node_modules\regenerator-runtime\runtime.js:303:22)
    at Generator.prototype.(anonymous function) [as next] (F:\workspace\node\dailyServer\node_modules\regenerator-runtime\runtime.js:117:21)
    at step (F:\workspace\node\dailyServer\app\controllers\user.js:29:191)
    at F:\workspace\node\dailyServer\app\controllers\user.js:29:437
    at Promise (<anonymous>)
    at F:\workspace\node\dailyServer\app\controllers\user.js:29:99
    at find (F:\workspace\node\dailyServer\app\controllers\user.js:95:18)
    at dispatch (F:\workspace\node\dailyServer\node_modules\koa-compose\index.js:44:32)
    at next (F:\workspace\node\dailyServer\node_modules\koa-compose\index.js:45:18)
    at F:\workspace\node\dailyServer\node_modules\koa-router\lib\router.js:326:16
    at dispatch (F:\workspace\node\dailyServer\node_modules\koa-compose\index.js:44:32)
    at F:\workspace\node\dailyServer\node_modules\koa-compose\index.js:36:12
    at dispatch (F:\workspace\node\dailyServer\node_modules\koa-router\lib\router.js:331:31)
    at dispatch (F:\workspace\node\dailyServer\node_modules\koa\node_modules\koa-compose\index.js:42:32)
    at next (F:\workspace\node\dailyServer\node_modules\koa\node_modules\koa-compose\index.js:43:18)
    at _callee$ (F:/workspace/node/dailyServer/app/middlewares/responseFilter.js:18:15)
    at tryCatch (F:\workspace\node\dailyServer\node_modules\regenerator-runtime\runtime.js:65:40)
    at Generator.invoke [as _invoke] (F:\workspace\node\dailyServer\node_modules\regenerator-runtime\runtime.js:303:22)
    at Generator.prototype.(anonymous function) [as next] (F:\workspace\node\dailyServer\node_modules\regenerator-runtime\runtime.js:117:21)
    at step (F:\workspace\node\dailyServer\app\middlewares\responseFilter.js:13:191)
[2017-08-15 01:19:28.084] [INFO] http - ::1 - - "GET /api/user/ HTTP/1.1" 200 10 "" "Mozilla/5.0 (Windows NT 6.1; Win64; x64) AppleWebKit/537.36 (KHTML, like Gecko) Chrome/59.0.3071.115 Safari/537.36"
[2017-08-15 01:29:21.521] [INFO] startup - logs config finished!
[2017-08-15 01:29:21.529] [INFO] app - --------step into koa-------------
[2017-08-15 01:29:21.664] [ERROR] app - TypeError: Cannot read property 'split' of undefined
    at _callee2$ (F:/workspace/node/dailyServer/app/controllers/user.js:20:17)
    at tryCatch (F:\workspace\node\dailyServer\node_modules\regenerator-runtime\runtime.js:65:40)
    at Generator.invoke [as _invoke] (F:\workspace\node\dailyServer\node_modules\regenerator-runtime\runtime.js:303:22)
    at Generator.prototype.(anonymous function) [as next] (F:\workspace\node\dailyServer\node_modules\regenerator-runtime\runtime.js:117:21)
    at step (F:\workspace\node\dailyServer\app\controllers\user.js:29:191)
    at F:\workspace\node\dailyServer\app\controllers\user.js:29:437
    at Promise (<anonymous>)
    at F:\workspace\node\dailyServer\app\controllers\user.js:29:99
    at find (F:\workspace\node\dailyServer\app\controllers\user.js:95:18)
    at dispatch (F:\workspace\node\dailyServer\node_modules\koa-compose\index.js:44:32)
    at next (F:\workspace\node\dailyServer\node_modules\koa-compose\index.js:45:18)
    at F:\workspace\node\dailyServer\node_modules\koa-router\lib\router.js:326:16
    at dispatch (F:\workspace\node\dailyServer\node_modules\koa-compose\index.js:44:32)
    at F:\workspace\node\dailyServer\node_modules\koa-compose\index.js:36:12
    at dispatch (F:\workspace\node\dailyServer\node_modules\koa-router\lib\router.js:331:31)
    at dispatch (F:\workspace\node\dailyServer\node_modules\koa\node_modules\koa-compose\index.js:42:32)
    at next (F:\workspace\node\dailyServer\node_modules\koa\node_modules\koa-compose\index.js:43:18)
    at _callee$ (F:/workspace/node/dailyServer/app/middlewares/responseFilter.js:18:15)
    at tryCatch (F:\workspace\node\dailyServer\node_modules\regenerator-runtime\runtime.js:65:40)
    at Generator.invoke [as _invoke] (F:\workspace\node\dailyServer\node_modules\regenerator-runtime\runtime.js:303:22)
    at Generator.prototype.(anonymous function) [as next] (F:\workspace\node\dailyServer\node_modules\regenerator-runtime\runtime.js:117:21)
    at step (F:\workspace\node\dailyServer\app\middlewares\responseFilter.js:13:191)
[2017-08-15 01:29:21.675] [INFO] http - ::1 - - "GET /api/user/ HTTP/1.1" 200 10 "" "Mozilla/5.0 (Windows NT 6.1; Win64; x64) AppleWebKit/537.36 (KHTML, like Gecko) Chrome/59.0.3071.115 Safari/537.36"
[2017-08-15 01:30:10.509] [INFO] startup - logs config finished!
[2017-08-15 01:30:10.523] [INFO] app - --------step into koa-------------
[2017-08-15 01:30:10.658] [ERROR] app - UnauthorizedError: No authentication token found

    at Object.throw (F:\workspace\node\dailyServer\node_modules\koa\lib\context.js:91:11)
    at jwt (F:\workspace\node\dailyServer\node_modules\koa-jwt\lib\index.js:26:16)
    at dispatch (F:\workspace\node\dailyServer\node_modules\koa-compose\index.js:44:32)
    at next (F:\workspace\node\dailyServer\node_modules\koa-compose\index.js:45:18)
    at F:\workspace\node\dailyServer\node_modules\koa-router\lib\router.js:326:16
    at dispatch (F:\workspace\node\dailyServer\node_modules\koa-compose\index.js:44:32)
    at F:\workspace\node\dailyServer\node_modules\koa-compose\index.js:36:12
    at dispatch (F:\workspace\node\dailyServer\node_modules\koa-router\lib\router.js:331:31)
    at dispatch (F:\workspace\node\dailyServer\node_modules\koa\node_modules\koa-compose\index.js:42:32)
    at next (F:\workspace\node\dailyServer\node_modules\koa\node_modules\koa-compose\index.js:43:18)
    at _callee$ (F:/workspace/node/dailyServer/app/middlewares/responseFilter.js:18:15)
    at tryCatch (F:\workspace\node\dailyServer\node_modules\regenerator-runtime\runtime.js:65:40)
    at Generator.invoke [as _invoke] (F:\workspace\node\dailyServer\node_modules\regenerator-runtime\runtime.js:303:22)
    at Generator.prototype.(anonymous function) [as next] (F:\workspace\node\dailyServer\node_modules\regenerator-runtime\runtime.js:117:21)
    at step (F:\workspace\node\dailyServer\app\middlewares\responseFilter.js:13:191)
    at F:\workspace\node\dailyServer\app\middlewares\responseFilter.js:13:437
    at Promise (<anonymous>)
    at F:\workspace\node\dailyServer\app\middlewares\responseFilter.js:13:99
    at F:\workspace\node\dailyServer\app\middlewares\responseFilter.js:93:21
    at dispatch (F:\workspace\node\dailyServer\node_modules\koa\node_modules\koa-compose\index.js:42:32)
    at next (F:\workspace\node\dailyServer\node_modules\koa\node_modules\koa-compose\index.js:43:18)
    at _callee$ (F:/workspace/node/dailyServer/app/middlewares/response.js:27:11)
[2017-08-15 01:30:10.674] [INFO] http - ::ffff:127.0.0.1 - - "GET /api/user/ HTTP/1.1" 200 35 "" "Mozilla/5.0 (Windows NT 6.1; Win64; x64) AppleWebKit/537.36 (KHTML, like Gecko) Chrome/59.0.3071.115 Safari/537.36"
[2017-08-15 01:33:37.760] [INFO] startup - logs config finished!
[2017-08-15 01:33:37.771] [INFO] app - --------step into koa-------------
[2017-08-15 01:33:40.921] [ERROR] app - UnauthorizedError: No authentication token found

    at Object.throw (F:\workspace\node\dailyServer\node_modules\koa\lib\context.js:91:11)
    at jwt (F:\workspace\node\dailyServer\node_modules\koa-jwt\lib\index.js:26:16)
    at dispatch (F:\workspace\node\dailyServer\node_modules\koa-compose\index.js:44:32)
    at next (F:\workspace\node\dailyServer\node_modules\koa-compose\index.js:45:18)
    at F:\workspace\node\dailyServer\node_modules\koa-router\lib\router.js:326:16
    at dispatch (F:\workspace\node\dailyServer\node_modules\koa-compose\index.js:44:32)
    at F:\workspace\node\dailyServer\node_modules\koa-compose\index.js:36:12
    at dispatch (F:\workspace\node\dailyServer\node_modules\koa-router\lib\router.js:331:31)
    at dispatch (F:\workspace\node\dailyServer\node_modules\koa\node_modules\koa-compose\index.js:42:32)
    at next (F:\workspace\node\dailyServer\node_modules\koa\node_modules\koa-compose\index.js:43:18)
    at _callee$ (F:/workspace/node/dailyServer/app/middlewares/responseFilter.js:18:15)
    at tryCatch (F:\workspace\node\dailyServer\node_modules\regenerator-runtime\runtime.js:65:40)
    at Generator.invoke [as _invoke] (F:\workspace\node\dailyServer\node_modules\regenerator-runtime\runtime.js:303:22)
    at Generator.prototype.(anonymous function) [as next] (F:\workspace\node\dailyServer\node_modules\regenerator-runtime\runtime.js:117:21)
    at step (F:\workspace\node\dailyServer\app\middlewares\responseFilter.js:13:191)
    at F:\workspace\node\dailyServer\app\middlewares\responseFilter.js:13:437
    at Promise (<anonymous>)
    at F:\workspace\node\dailyServer\app\middlewares\responseFilter.js:13:99
    at F:\workspace\node\dailyServer\app\middlewares\responseFilter.js:93:21
    at dispatch (F:\workspace\node\dailyServer\node_modules\koa\node_modules\koa-compose\index.js:42:32)
    at next (F:\workspace\node\dailyServer\node_modules\koa\node_modules\koa-compose\index.js:43:18)
    at _callee$ (F:/workspace/node/dailyServer/app/middlewares/response.js:27:11)
[2017-08-15 01:33:40.950] [INFO] http - ::1 - - "GET /api/user/ HTTP/1.1" 200 35 "" "Mozilla/5.0 (Windows NT 6.1; Win64; x64) AppleWebKit/537.36 (KHTML, like Gecko) Chrome/59.0.3071.115 Safari/537.36"
[2017-08-15 01:38:28.764] [INFO] startup - logs config finished!
[2017-08-15 01:38:28.772] [INFO] app - --------step into koa-------------
[2017-08-15 01:38:29.003] [INFO] http - ::1 - - "GET /api/user/ HTTP/1.1" 200 35 "" "Mozilla/5.0 (Windows NT 6.1; Win64; x64) AppleWebKit/537.36 (KHTML, like Gecko) Chrome/59.0.3071.115 Safari/537.36"
[2017-08-15 01:38:33.183] [INFO] http - ::1 - - "GET /api/user/ HTTP/1.1" 200 35 "" "Mozilla/5.0 (Windows NT 6.1; Win64; x64) AppleWebKit/537.36 (KHTML, like Gecko) Chrome/59.0.3071.115 Safari/537.36"
[2017-08-15 01:41:07.917] [INFO] startup - logs config finished!
[2017-08-15 01:41:07.929] [INFO] app - --------step into koa-------------
[2017-08-15 01:41:08.588] [INFO] http - ::1 - - "GET /api/user/ HTTP/1.1" 200 35 "" "Mozilla/5.0 (Windows NT 6.1; Win64; x64) AppleWebKit/537.36 (KHTML, like Gecko) Chrome/59.0.3071.115 Safari/537.36"
[2017-08-15 01:42:46.070] [INFO] startup - logs config finished!
[2017-08-15 01:42:46.075] [INFO] app - --------step into koa-------------
[2017-08-15 01:43:05.806] [INFO] startup - logs config finished!
[2017-08-15 01:43:05.819] [INFO] app - --------step into koa-------------
[2017-08-15 01:43:08.065] [ERROR] app - UnauthorizedError: No authentication token found

    at Object.throw (F:\workspace\node\dailyServer\node_modules\koa\lib\context.js:91:11)
    at jwt (F:\workspace\node\dailyServer\node_modules\koa-jwt\lib\index.js:26:16)
    at dispatch (F:\workspace\node\dailyServer\node_modules\koa-compose\index.js:44:32)
    at next (F:\workspace\node\dailyServer\node_modules\koa-compose\index.js:45:18)
    at F:\workspace\node\dailyServer\node_modules\koa-router\lib\router.js:326:16
    at dispatch (F:\workspace\node\dailyServer\node_modules\koa-compose\index.js:44:32)
    at F:\workspace\node\dailyServer\node_modules\koa-compose\index.js:36:12
    at dispatch (F:\workspace\node\dailyServer\node_modules\koa-router\lib\router.js:331:31)
    at dispatch (F:\workspace\node\dailyServer\node_modules\koa\node_modules\koa-compose\index.js:42:32)
    at next (F:\workspace\node\dailyServer\node_modules\koa\node_modules\koa-compose\index.js:43:18)
    at _callee$ (F:/workspace/node/dailyServer/app/middlewares/responseFilter.js:18:15)
    at tryCatch (F:\workspace\node\dailyServer\node_modules\regenerator-runtime\runtime.js:65:40)
    at Generator.invoke [as _invoke] (F:\workspace\node\dailyServer\node_modules\regenerator-runtime\runtime.js:303:22)
    at Generator.prototype.(anonymous function) [as next] (F:\workspace\node\dailyServer\node_modules\regenerator-runtime\runtime.js:117:21)
    at step (F:\workspace\node\dailyServer\app\middlewares\responseFilter.js:13:191)
    at F:\workspace\node\dailyServer\app\middlewares\responseFilter.js:13:437
    at Promise (<anonymous>)
    at F:\workspace\node\dailyServer\app\middlewares\responseFilter.js:13:99
    at F:\workspace\node\dailyServer\app\middlewares\responseFilter.js:94:21
    at dispatch (F:\workspace\node\dailyServer\node_modules\koa\node_modules\koa-compose\index.js:42:32)
    at next (F:\workspace\node\dailyServer\node_modules\koa\node_modules\koa-compose\index.js:43:18)
    at _callee$ (F:/workspace/node/dailyServer/app/middlewares/response.js:27:11)
[2017-08-15 01:43:08.075] [ERROR] app - { request: 
   { method: 'GET',
     url: '/api/user/',
     header: 
      { host: 'localhost:3333',
        connection: 'keep-alive',
        'cache-control': 'max-age=0',
        'upgrade-insecure-requests': '1',
        'user-agent': 'Mozilla/5.0 (Windows NT 6.1; Win64; x64) AppleWebKit/537.36 (KHTML, like Gecko) Chrome/59.0.3071.115 Safari/537.36',
        accept: 'text/html,application/xhtml+xml,application/xml;q=0.9,image/webp,image/apng,*/*;q=0.8',
        'accept-encoding': 'gzip, deflate, br',
        'accept-language': 'zh-CN,zh;q=0.8,en;q=0.6',
        cookie: 'Hm_lvt_de4a5a139b4c6b05de2a2b49fa6f6dab=1485283765; Hm_lvt_940ac302dc9436169f5e98f17aca1589=1498060156' } },
  response: 
   { status: 404,
     message: 'Not Found',
     header: 
      { 'x-dns-prefetch-control': 'off',
        'x-frame-options': 'SAMEORIGIN',
        'x-download-options': 'noopen',
        'x-content-type-options': 'nosniff',
        'x-xss-protection': '1; mode=block' } },
  app: { subdomainOffset: 2, proxy: false, env: 'development' },
  originalUrl: '/api/user/',
  req: '<original node req>',
  res: '<original node res>',
  socket: '<original node socket>' }
[2017-08-15 01:43:08.153] [INFO] http - ::1 - - "GET /api/user/ HTTP/1.1" 200 35 "" "Mozilla/5.0 (Windows NT 6.1; Win64; x64) AppleWebKit/537.36 (KHTML, like Gecko) Chrome/59.0.3071.115 Safari/537.36"
[2017-08-15 01:44:27.067] [INFO] startup - logs config finished!
[2017-08-15 01:44:27.077] [INFO] app - --------step into koa-------------
[2017-08-15 01:44:27.331] [ERROR] app - UnauthorizedError: No authentication token found

    at Object.throw (F:\workspace\node\dailyServer\node_modules\koa\lib\context.js:91:11)
    at jwt (F:\workspace\node\dailyServer\node_modules\koa-jwt\lib\index.js:26:16)
    at dispatch (F:\workspace\node\dailyServer\node_modules\koa-compose\index.js:44:32)
    at next (F:\workspace\node\dailyServer\node_modules\koa-compose\index.js:45:18)
    at F:\workspace\node\dailyServer\node_modules\koa-router\lib\router.js:326:16
    at dispatch (F:\workspace\node\dailyServer\node_modules\koa-compose\index.js:44:32)
    at F:\workspace\node\dailyServer\node_modules\koa-compose\index.js:36:12
    at dispatch (F:\workspace\node\dailyServer\node_modules\koa-router\lib\router.js:331:31)
    at dispatch (F:\workspace\node\dailyServer\node_modules\koa\node_modules\koa-compose\index.js:42:32)
    at next (F:\workspace\node\dailyServer\node_modules\koa\node_modules\koa-compose\index.js:43:18)
    at _callee$ (F:/workspace/node/dailyServer/app/middlewares/responseFilter.js:18:15)
    at tryCatch (F:\workspace\node\dailyServer\node_modules\regenerator-runtime\runtime.js:65:40)
    at Generator.invoke [as _invoke] (F:\workspace\node\dailyServer\node_modules\regenerator-runtime\runtime.js:303:22)
    at Generator.prototype.(anonymous function) [as next] (F:\workspace\node\dailyServer\node_modules\regenerator-runtime\runtime.js:117:21)
    at step (F:\workspace\node\dailyServer\app\middlewares\responseFilter.js:13:191)
    at F:\workspace\node\dailyServer\app\middlewares\responseFilter.js:13:437
    at Promise (<anonymous>)
    at F:\workspace\node\dailyServer\app\middlewares\responseFilter.js:13:99
    at F:\workspace\node\dailyServer\app\middlewares\responseFilter.js:94:21
    at dispatch (F:\workspace\node\dailyServer\node_modules\koa\node_modules\koa-compose\index.js:42:32)
    at next (F:\workspace\node\dailyServer\node_modules\koa\node_modules\koa-compose\index.js:43:18)
    at _callee$ (F:/workspace/node/dailyServer/app/middlewares/response.js:27:11)
[2017-08-15 01:44:27.339] [ERROR] app - { request: 
   { method: 'GET',
     url: '/api/user/',
     header: 
      { host: 'localhost:3333',
        connection: 'keep-alive',
        'cache-control': 'max-age=0',
        'upgrade-insecure-requests': '1',
        'user-agent': 'Mozilla/5.0 (Windows NT 6.1; Win64; x64) AppleWebKit/537.36 (KHTML, like Gecko) Chrome/59.0.3071.115 Safari/537.36',
        accept: 'text/html,application/xhtml+xml,application/xml;q=0.9,image/webp,image/apng,*/*;q=0.8',
        'accept-encoding': 'gzip, deflate, br',
        'accept-language': 'zh-CN,zh;q=0.8,en;q=0.6',
        cookie: 'Hm_lvt_de4a5a139b4c6b05de2a2b49fa6f6dab=1485283765; Hm_lvt_940ac302dc9436169f5e98f17aca1589=1498060156' } },
  response: 
   { status: 404,
     message: 'Not Found',
     header: 
      { 'x-dns-prefetch-control': 'off',
        'x-frame-options': 'SAMEORIGIN',
        'x-download-options': 'noopen',
        'x-content-type-options': 'nosniff',
        'x-xss-protection': '1; mode=block' } },
  app: { subdomainOffset: 2, proxy: false, env: 'development' },
  originalUrl: '/api/user/',
  req: '<original node req>',
  res: '<original node res>',
  socket: '<original node socket>' }
[2017-08-15 01:44:27.372] [INFO] http - ::ffff:127.0.0.1 - - "GET /api/user/ HTTP/1.1" 200 35 "" "Mozilla/5.0 (Windows NT 6.1; Win64; x64) AppleWebKit/537.36 (KHTML, like Gecko) Chrome/59.0.3071.115 Safari/537.36"
[2017-08-15 01:44:46.407] [INFO] startup - logs config finished!
[2017-08-15 01:44:46.413] [INFO] app - --------step into koa-------------
[2017-08-15 01:44:47.516] [INFO] http - ::1 - - "GET /api/user/ HTTP/1.1" 200 12 "" "Mozilla/5.0 (Windows NT 6.1; Win64; x64) AppleWebKit/537.36 (KHTML, like Gecko) Chrome/59.0.3071.115 Safari/537.36"
[2017-08-15 01:45:21.995] [INFO] startup - logs config finished!
[2017-08-15 01:45:22.003] [INFO] app - --------step into koa-------------
[2017-08-15 01:45:23.514] [INFO] http - ::1 - - "GET /api/user/ HTTP/1.1" 200 12 "" "Mozilla/5.0 (Windows NT 6.1; Win64; x64) AppleWebKit/537.36 (KHTML, like Gecko) Chrome/59.0.3071.115 Safari/537.36"
